<?xml version="1.0" encoding="UTF-8"?>
<!-- Generated by org.testng.reporters.JUnitReportReporter -->
<testsuite hostname="Newt-Rnt09" name="com.newt.selenium.modules.GmailLoginThree" tests="1" failures="0" timestamp="28 Mar 2016 05:42:29 GMT" time="96.690" errors="0">
  <testcase name="DO" time="96.690" classname="com.newt.selenium.modules.GmailLoginThree"/>
</testsuite> <!-- com.newt.selenium.modules.GmailLoginThree -->
