<?xml version="1.0" encoding="UTF-8"?>
<!-- Generated by org.testng.reporters.JUnitReportReporter -->
<testsuite hostname="Newt-Rnt09" name="com.newt.selenium.modules.GmailLoginOne" tests="1" failures="0" timestamp="28 Mar 2016 05:42:29 GMT" time="87.107" errors="0">
  <testcase name="DO" time="87.107" classname="com.newt.selenium.modules.GmailLoginOne"/>
</testsuite> <!-- com.newt.selenium.modules.GmailLoginOne -->
