<?xml version="1.0" encoding="UTF-8"?>
<!-- Generated by org.testng.reporters.JUnitReportReporter -->
<testsuite hostname="Newt-Rnt09" name="com.newt.selenium.modules.GmailLoginTwotest" tests="1" failures="0" timestamp="28 Mar 2016 06:06:34 GMT" time="77.452" errors="0">
  <testcase name="DO" time="77.452" classname="com.newt.selenium.modules.GmailLoginTwotest"/>
</testsuite> <!-- com.newt.selenium.modules.GmailLoginTwotest -->
