<?xml version="1.0" encoding="UTF-8"?>
<!-- Generated by org.testng.reporters.JUnitReportReporter -->
<testsuite hostname="Newt-Rnt09" name="com.newt.selenium.modules.GmailLoginFour" tests="1" failures="0" timestamp="28 Mar 2016 05:42:29 GMT" time="67.986" errors="0">
  <testcase name="DO" time="67.986" classname="com.newt.selenium.modules.GmailLoginFour"/>
</testsuite> <!-- com.newt.selenium.modules.GmailLoginFour -->
