<?xml version="1.0" encoding="UTF-8"?>
<!-- Generated by org.testng.reporters.JUnitReportReporter -->
<testsuite hostname="Newt-Rnt09" name="com.newt.selenium.modules.GmailLoginThreetest" tests="1" failures="0" timestamp="28 Mar 2016 10:21:20 GMT" time="77.844" errors="0">
  <testcase name="DO" time="77.844" classname="com.newt.selenium.modules.GmailLoginThreetest"/>
</testsuite> <!-- com.newt.selenium.modules.GmailLoginThreetest -->
