<?xml version="1.0" encoding="UTF-8"?>
<!-- Generated by org.testng.reporters.JUnitReportReporter -->
<testsuite hostname="Newt-Rnt09" name="com.newt.selenium.modules.GmailLoginTest" tests="1" failures="0" timestamp="22 Mar 2016 07:25:04 GMT" time="58.811" errors="0">
  <testcase name="DO" time="58.811" classname="com.newt.selenium.modules.GmailLoginTest"/>
</testsuite> <!-- com.newt.selenium.modules.GmailLoginTest -->
